<?xml version="1.0" encoding="UTF-8"?>
<!-- Generated by org.testng.reporters.JUnitReportReporter -->
<testsuite hostname="LAPTOP-I6LKQM12" failures="0" tests="1" name="Test.NewTest1" time="6.109" errors="0" timestamp="2023-06-30T20:50:49 IST" skipped="0">
  <testcase classname="Test.NewTest1" name="facebook" time="6.109"/>
</testsuite> <!-- Test.NewTest1 -->
